<?xml version="1.0" encoding="UTF-8"?>
<testng-results ignored="0" total="1" passed="1" failed="0" skipped="0">
  <reporter-output>
  </reporter-output>
  <suite started-at="2022-07-14T17:30:21 CDT" name="Default suite" finished-at="2022-07-14T17:30:23 CDT" duration-ms="2278">
    <groups>
    </groups>
    <test started-at="2022-07-14T17:30:21 CDT" name="Default test" finished-at="2022-07-14T17:30:23 CDT" duration-ms="2278">
      <class name="gitPrac3.GitPrac3">
        <test-method signature="init()[pri:0, instance:gitPrac3.GitPrac3@378542de]" started-at="2022-07-14T17:30:21 CDT" name="init" finished-at="2022-07-14T17:30:23 CDT" duration-ms="2097" status="PASS">
          <reporter-output>
          </reporter-output>
        </test-method> <!-- init -->
        <test-method is-config="true" signature="tearDown()[pri:0, instance:gitPrac3.GitPrac3@378542de]" started-at="2022-07-14T17:30:23 CDT" name="tearDown" finished-at="2022-07-14T17:30:23 CDT" duration-ms="153" status="PASS">
          <reporter-output>
          </reporter-output>
        </test-method> <!-- tearDown -->
      </class> <!-- gitPrac3.GitPrac3 -->
    </test> <!-- Default test -->
  </suite> <!-- Default suite -->
</testng-results>
